2025-02-25 17:51:08,767 [NettyApp] [mvcSample] [INFO] [main]  org.springframework.boot.StartupInfoLogger.logStarting(StartupInfoLogger.java:55) - Starting TestAppBoot using Java 1.8.0_432 on tiger-laptop with PID 12328 (C:\Users\tiger\content\github\java\spring-boot-netty-http-web\netty-web-server-sample\build\classes\java\main started by tiger in C:\Users\tiger\content\github\java\spring-boot-netty-http-web)
2025-02-25 17:51:08,769 [NettyApp] [mvcSample] [INFO] [main]  org.springframework.boot.SpringApplication.logStartupProfileInfo(SpringApplication.java:632) - No active profile set, falling back to 1 default profile: "default"
2025-02-25 17:51:09,089 [NettyApp] [mvcSample] [INFO] [main]  io.netty.mvc.server.NettyServerSpringBootWrapper.onApplicationEvent(NettyServerSpringBootWrapper.java:100) - the netty controller size-2
2025-02-25 17:51:09,089 [NettyApp] [mvcSample] [INFO] [main]  io.netty.mvc.server.NettyRestContext.initRequestMap(NettyRestContext.java:109) - the controller name-io.netty.springboot.sample.web.TestNettyMvcController
2025-02-25 17:51:09,089 [NettyApp] [mvcSample] [INFO] [main]  io.netty.mvc.server.NettyRestContext.initRequestMap(NettyRestContext.java:111) - the controller method size-3
2025-02-25 17:51:09,089 [NettyApp] [mvcSample] [INFO] [main]  io.netty.mvc.server.NettyRestContext.initRequestMap(NettyRestContext.java:140) - init maping url--/testpathval/{name}/{age}-----POST
2025-02-25 17:51:09,090 [NettyApp] [mvcSample] [INFO] [main]  io.netty.mvc.server.NettyRestContext.initRequestMap(NettyRestContext.java:140) - init maping url--/testmodel-----POST
2025-02-25 17:51:09,091 [NettyApp] [mvcSample] [INFO] [main]  io.netty.mvc.server.NettyRestContext.initRequestMap(NettyRestContext.java:140) - init maping url--/testErr-----GET
2025-02-25 17:51:09,091 [NettyApp] [mvcSample] [INFO] [main]  io.netty.mvc.server.NettyRestContext.initRequestMap(NettyRestContext.java:109) - the controller name-io.netty.springboot.sample.web.TestRequstMapByInterfaceController
2025-02-25 17:51:09,091 [NettyApp] [mvcSample] [INFO] [main]  io.netty.mvc.server.NettyRestContext.initRequestMap(NettyRestContext.java:111) - the controller method size-2
2025-02-25 17:51:09,091 [NettyApp] [mvcSample] [INFO] [main]  io.netty.mvc.server.NettyRestContext.initRequestMap(NettyRestContext.java:140) - init maping url--/test-----GET
2025-02-25 17:51:09,091 [NettyApp] [mvcSample] [INFO] [main]  io.netty.mvc.server.NettyRestContext.initRequestMap(NettyRestContext.java:140) - init maping url--/testStr-----GET
2025-02-25 17:51:09,094 [NettyApp] [mvcSample] [INFO] [main]  org.springframework.boot.StartupInfoLogger.logStarted(StartupInfoLogger.java:61) - Started TestAppBoot in 0.586 seconds (JVM running for 0.987)
2025-02-25 17:51:09,096 [NettyApp] [mvcSample] [INFO] [main]  io.netty.mvc.server.NettyServerSpringBootWrapper.run(NettyServerSpringBootWrapper.java:51) - start command line
2025-02-25 17:51:09,498 [NettyApp] [mvcSample] [INFO] [main]  io.netty.mvc.server.NettyNioRestServer.start(NettyNioRestServer.java:45) - execute started listener---io.netty.springboot.sample.web.listener.TestListener
2025-02-25 17:51:09,498 [NettyApp] [mvcSample] [INFO] [main]  io.netty.springboot.sample.web.listener.TestListener.created(TestListener.java:24) - this is test the start TestListener
2025-02-25 17:51:09,774 [NettyApp] [mvcSample] [INFO] [nioEventLoopGroup-2-1]  io.netty.mvc.server.NettyNioRestServer.lambda$start$0(NettyNioRestServer.java:79) - 

* * * * * * * * * * * * * * * * * * * * * * * * * * * * * * * * * * * * * * * * * * *
*                                                                                   *
*                                                                                   *
*                   Netty NIO Http Server started on port 8099.                         *
*                                                                                   *
*                                                                                   *
* * * * * * * * * * * * * * * * * * * * * * * * * * * * * * * * * * * * * * * * * * *

